nohup: ignoring input
/home/xyzhang/project/Distillation/src/evaluate.py:312: FutureWarning: You are using `torch.load` with `weights_only=False` (the current default value), which uses the default pickle module implicitly. It is possible to construct malicious pickle data which will execute arbitrary code during unpickling (See https://github.com/pytorch/pytorch/blob/main/SECURITY.md#untrusted-models for more details). In a future release, the default value for `weights_only` will be flipped to `True`. This limits the functions that could be executed during unpickling. Arbitrary objects will no longer be allowed to be loaded via this mode unless they are explicitly allowlisted by the user via `torch.serialization.add_safe_globals`. We recommend you start setting `weights_only=True` for any use case where you don't have full control of the loaded file. Please open an issue on GitHub for any issues related to this experimental feature.
  features = torch.load(path_1)
Extracting query features:   0%|          | 0/85 [00:00<?, ?it/s]Extracting query features:   1%|          | 1/85 [00:00<00:17,  4.93it/s]Extracting query features:   8%|▊         | 7/85 [00:00<00:02, 27.39it/s]Extracting query features:  16%|█▋        | 14/85 [00:00<00:01, 40.74it/s]Extracting query features:  25%|██▍       | 21/85 [00:00<00:01, 48.21it/s]Extracting query features:  33%|███▎      | 28/85 [00:00<00:01, 53.26it/s]Extracting query features:  41%|████      | 35/85 [00:00<00:00, 56.29it/s]Extracting query features:  49%|████▉     | 42/85 [00:00<00:00, 58.37it/s]Extracting query features:  58%|█████▊    | 49/85 [00:00<00:00, 59.81it/s]Extracting query features:  66%|██████▌   | 56/85 [00:01<00:00, 61.09it/s]torch.Size([12, 3, 224, 224])
T_before_pool torch.Size([12, 50, 768])
T_after_pool torch.Size([1, 12, 1, 768])
T torch.Size([1, 1, 768])
torch.Size([12, 3, 224, 224])
T_before_pool torch.Size([12, 50, 768])
T_after_pool torch.Size([1, 12, 1, 768])
T torch.Size([1, 1, 768])
torch.Size([12, 3, 224, 224])
T_before_pool torch.Size([12, 50, 768])
T_after_pool torch.Size([1, 12, 1, 768])
T torch.Size([1, 1, 768])
torch.Size([12, 3, 224, 224])
T_before_pool torch.Size([12, 50, 768])
T_after_pool torch.Size([1, 12, 1, 768])
T torch.Size([1, 1, 768])
torch.Size([12, 3, 224, 224])
T_before_pool torch.Size([12, 50, 768])
T_after_pool torch.Size([1, 12, 1, 768])
T torch.Size([1, 1, 768])
torch.Size([12, 3, 224, 224])
T_before_pool torch.Size([12, 50, 768])
T_after_pool torch.Size([1, 12, 1, 768])
T torch.Size([1, 1, 768])
torch.Size([12, 3, 224, 224])
T_before_pool torch.Size([12, 50, 768])
T_after_pool torch.Size([1, 12, 1, 768])
T torch.Size([1, 1, 768])
torch.Size([12, 3, 224, 224])
T_before_pool torch.Size([12, 50, 768])
T_after_pool torch.Size([1, 12, 1, 768])
T torch.Size([1, 1, 768])
torch.Size([12, 3, 224, 224])
T_before_pool torch.Size([12, 50, 768])
T_after_pool torch.Size([1, 12, 1, 768])
T torch.Size([1, 1, 768])
torch.Size([12, 3, 224, 224])
T_before_pool torch.Size([12, 50, 768])
T_after_pool torch.Size([1, 12, 1, 768])
T torch.Size([1, 1, 768])
torch.Size([12, 3, 224, 224])
T_before_pool torch.Size([12, 50, 768])
T_after_pool torch.Size([1, 12, 1, 768])
T torch.Size([1, 1, 768])
torch.Size([12, 3, 224, 224])
T_before_pool torch.Size([12, 50, 768])
T_after_pool torch.Size([1, 12, 1, 768])
T torch.Size([1, 1, 768])
torch.Size([12, 3, 224, 224])
T_before_pool torch.Size([12, 50, 768])
T_after_pool torch.Size([1, 12, 1, 768])
T torch.Size([1, 1, 768])
torch.Size([12, 3, 224, 224])
T_before_pool torch.Size([12, 50, 768])
T_after_pool torch.Size([1, 12, 1, 768])
T torch.Size([1, 1, 768])
torch.Size([12, 3, 224, 224])
T_before_pool torch.Size([12, 50, 768])
T_after_pool torch.Size([1, 12, 1, 768])
T torch.Size([1, 1, 768])
torch.Size([12, 3, 224, 224])
T_before_pool torch.Size([12, 50, 768])
T_after_pool torch.Size([1, 12, 1, 768])
T torch.Size([1, 1, 768])
torch.Size([12, 3, 224, 224])
T_before_pool torch.Size([12, 50, 768])
T_after_pool torch.Size([1, 12, 1, 768])
T torch.Size([1, 1, 768])
torch.Size([12, 3, 224, 224])
T_before_pool torch.Size([12, 50, 768])
T_after_pool torch.Size([1, 12, 1, 768])
T torch.Size([1, 1, 768])
torch.Size([12, 3, 224, 224])
T_before_pool torch.Size([12, 50, 768])
T_after_pool torch.Size([1, 12, 1, 768])
T torch.Size([1, 1, 768])
torch.Size([12, 3, 224, 224])
T_before_pool torch.Size([12, 50, 768])
T_after_pool torch.Size([1, 12, 1, 768])
T torch.Size([1, 1, 768])
torch.Size([12, 3, 224, 224])
T_before_pool torch.Size([12, 50, 768])
T_after_pool torch.Size([1, 12, 1, 768])
T torch.Size([1, 1, 768])
torch.Size([12, 3, 224, 224])
T_before_pool torch.Size([12, 50, 768])
T_after_pool torch.Size([1, 12, 1, 768])
T torch.Size([1, 1, 768])
torch.Size([12, 3, 224, 224])
T_before_pool torch.Size([12, 50, 768])
T_after_pool torch.Size([1, 12, 1, 768])
T torch.Size([1, 1, 768])
torch.Size([12, 3, 224, 224])
T_before_pool torch.Size([12, 50, 768])
T_after_pool torch.Size([1, 12, 1, 768])
T torch.Size([1, 1, 768])
torch.Size([12, 3, 224, 224])
T_before_pool torch.Size([12, 50, 768])
T_after_pool torch.Size([1, 12, 1, 768])
T torch.Size([1, 1, 768])
torch.Size([12, 3, 224, 224])
T_before_pool torch.Size([12, 50, 768])
T_after_pool torch.Size([1, 12, 1, 768])
T torch.Size([1, 1, 768])
torch.Size([12, 3, 224, 224])
T_before_pool torch.Size([12, 50, 768])
T_after_pool torch.Size([1, 12, 1, 768])
T torch.Size([1, 1, 768])
torch.Size([12, 3, 224, 224])
T_before_pool torch.Size([12, 50, 768])
T_after_pool torch.Size([1, 12, 1, 768])
T torch.Size([1, 1, 768])
torch.Size([12, 3, 224, 224])
T_before_pool torch.Size([12, 50, 768])
T_after_pool torch.Size([1, 12, 1, 768])
T torch.Size([1, 1, 768])
torch.Size([12, 3, 224, 224])
T_before_pool torch.Size([12, 50, 768])
T_after_pool torch.Size([1, 12, 1, 768])
T torch.Size([1, 1, 768])
torch.Size([12, 3, 224, 224])
T_before_pool torch.Size([12, 50, 768])
T_after_pool torch.Size([1, 12, 1, 768])
T torch.Size([1, 1, 768])
torch.Size([12, 3, 224, 224])
T_before_pool torch.Size([12, 50, 768])
T_after_pool torch.Size([1, 12, 1, 768])
T torch.Size([1, 1, 768])
torch.Size([12, 3, 224, 224])
T_before_pool torch.Size([12, 50, 768])
T_after_pool torch.Size([1, 12, 1, 768])
T torch.Size([1, 1, 768])
torch.Size([12, 3, 224, 224])
T_before_pool torch.Size([12, 50, 768])
T_after_pool torch.Size([1, 12, 1, 768])
T torch.Size([1, 1, 768])
torch.Size([12, 3, 224, 224])
T_before_pool torch.Size([12, 50, 768])
T_after_pool torch.Size([1, 12, 1, 768])
T torch.Size([1, 1, 768])
torch.Size([12, 3, 224, 224])
T_before_pool torch.Size([12, 50, 768])
T_after_pool torch.Size([1, 12, 1, 768])
T torch.Size([1, 1, 768])
torch.Size([12, 3, 224, 224])
T_before_pool torch.Size([12, 50, 768])
T_after_pool torch.Size([1, 12, 1, 768])
T torch.Size([1, 1, 768])
torch.Size([12, 3, 224, 224])
T_before_pool torch.Size([12, 50, 768])
T_after_pool torch.Size([1, 12, 1, 768])
T torch.Size([1, 1, 768])
torch.Size([12, 3, 224, 224])
T_before_pool torch.Size([12, 50, 768])
T_after_pool torch.Size([1, 12, 1, 768])
T torch.Size([1, 1, 768])
torch.Size([12, 3, 224, 224])
T_before_pool torch.Size([12, 50, 768])
T_after_pool torch.Size([1, 12, 1, 768])
T torch.Size([1, 1, 768])
torch.Size([12, 3, 224, 224])
T_before_pool torch.Size([12, 50, 768])
T_after_pool torch.Size([1, 12, 1, 768])
T torch.Size([1, 1, 768])
torch.Size([12, 3, 224, 224])
T_before_pool torch.Size([12, 50, 768])
T_after_pool torch.Size([1, 12, 1, 768])
T torch.Size([1, 1, 768])
torch.Size([12, 3, 224, 224])
T_before_pool torch.Size([12, 50, 768])
T_after_pool torch.Size([1, 12, 1, 768])
T torch.Size([1, 1, 768])
torch.Size([12, 3, 224, 224])
T_before_pool torch.Size([12, 50, 768])
T_after_pool torch.Size([1, 12, 1, 768])
T torch.Size([1, 1, 768])
torch.Size([12, 3, 224, 224])
T_before_pool torch.Size([12, 50, 768])
T_after_pool torch.Size([1, 12, 1, 768])
T torch.Size([1, 1, 768])
torch.Size([12, 3, 224, 224])
T_before_pool torch.Size([12, 50, 768])
T_after_pool torch.Size([1, 12, 1, 768])
T torch.Size([1, 1, 768])
torch.Size([12, 3, 224, 224])
T_before_pool torch.Size([12, 50, 768])
T_after_pool torch.Size([1, 12, 1, 768])
T torch.Size([1, 1, 768])
torch.Size([12, 3, 224, 224])
T_before_pool torch.Size([12, 50, 768])
T_after_pool torch.Size([1, 12, 1, 768])
T torch.Size([1, 1, 768])
torch.Size([12, 3, 224, 224])
T_before_pool torch.Size([12, 50, 768])
T_after_pool torch.Size([1, 12, 1, 768])
T torch.Size([1, 1, 768])
torch.Size([12, 3, 224, 224])
T_before_pool torch.Size([12, 50, 768])
T_after_pool torch.Size([1, 12, 1, 768])
T torch.Size([1, 1, 768])
torch.Size([12, 3, 224, 224])
T_before_pool torch.Size([12, 50, 768])
T_after_pool torch.Size([1, 12, 1, 768])
T torch.Size([1, 1, 768])
torch.Size([12, 3, 224, 224])
T_before_pool torch.Size([12, 50, 768])
T_after_pool torch.Size([1, 12, 1, 768])
T torch.Size([1, 1, 768])
torch.Size([12, 3, 224, 224])
T_before_pool torch.Size([12, 50, 768])
T_after_pool torch.Size([1, 12, 1, 768])
T torch.Size([1, 1, 768])
torch.Size([12, 3, 224, 224])
T_before_pool torch.Size([12, 50, 768])
T_after_pool torch.Size([1, 12, 1, 768])
T torch.Size([1, 1, 768])
torch.Size([12, 3, 224, 224])
T_before_pool torch.Size([12, 50, 768])
T_after_pool torch.Size([1, 12, 1, 768])
T torch.Size([1, 1, 768])
torch.Size([12, 3, 224, 224])
T_before_pool torch.Size([12, 50, 768])
T_after_pool torch.Size([1, 12, 1, 768])
T torch.Size([1, 1, 768])
torch.Size([12, 3, 224, 224])
T_before_pool torch.Size([12, 50, 768])
T_after_pool torch.Size([1, 12, 1, 768])
T torch.Size([1, 1, 768])
torch.Size([12, 3, 224, 224])
T_before_pool torch.Size([12, 50, 768])
T_after_pool torch.Size([1, 12, 1, 768])
T torch.Size([1, 1, 768])
torch.Size([12, 3, 224, 224])
T_before_pool torch.Size([12, 50, 768])
T_after_pool torch.Size([1, 12, 1, 768])
T torch.Size([1, 1, 768])
torch.Size([12, 3, 224, 224])
T_before_pool torch.Size([12, 50, 768])
T_after_pool Extracting query features:  74%|███████▍  | 63/85 [00:01<00:00, 62.13it/s]Extracting query features:  82%|████████▏ | 70/85 [00:01<00:00, 63.14it/s]Extracting query features:  91%|█████████ | 77/85 [00:01<00:00, 63.89it/s]Extracting query features:  99%|█████████▉| 84/85 [00:01<00:00, 64.07it/s]Extracting query features: 100%|██████████| 85/85 [00:01<00:00, 55.37it/s]
torch.Size([1, 12, 1, 768])
T torch.Size([1, 1, 768])
torch.Size([12, 3, 224, 224])
T_before_pool torch.Size([12, 50, 768])
T_after_pool torch.Size([1, 12, 1, 768])
T torch.Size([1, 1, 768])
torch.Size([12, 3, 224, 224])
T_before_pool torch.Size([12, 50, 768])
T_after_pool torch.Size([1, 12, 1, 768])
T torch.Size([1, 1, 768])
torch.Size([12, 3, 224, 224])
T_before_pool torch.Size([12, 50, 768])
T_after_pool torch.Size([1, 12, 1, 768])
T torch.Size([1, 1, 768])
torch.Size([12, 3, 224, 224])
T_before_pool torch.Size([12, 50, 768])
T_after_pool torch.Size([1, 12, 1, 768])
T torch.Size([1, 1, 768])
torch.Size([12, 3, 224, 224])
T_before_pool torch.Size([12, 50, 768])
T_after_pool torch.Size([1, 12, 1, 768])
T torch.Size([1, 1, 768])
torch.Size([12, 3, 224, 224])
T_before_pool torch.Size([12, 50, 768])
T_after_pool torch.Size([1, 12, 1, 768])
T torch.Size([1, 1, 768])
torch.Size([12, 3, 224, 224])
T_before_pool torch.Size([12, 50, 768])
T_after_pool torch.Size([1, 12, 1, 768])
T torch.Size([1, 1, 768])
torch.Size([12, 3, 224, 224])
T_before_pool torch.Size([12, 50, 768])
T_after_pool torch.Size([1, 12, 1, 768])
T torch.Size([1, 1, 768])
torch.Size([12, 3, 224, 224])
T_before_pool torch.Size([12, 50, 768])
T_after_pool torch.Size([1, 12, 1, 768])
T torch.Size([1, 1, 768])
torch.Size([12, 3, 224, 224])
T_before_pool torch.Size([12, 50, 768])
T_after_pool torch.Size([1, 12, 1, 768])
T torch.Size([1, 1, 768])
torch.Size([12, 3, 224, 224])
T_before_pool torch.Size([12, 50, 768])
T_after_pool torch.Size([1, 12, 1, 768])
T torch.Size([1, 1, 768])
torch.Size([12, 3, 224, 224])
T_before_pool torch.Size([12, 50, 768])
T_after_pool torch.Size([1, 12, 1, 768])
T torch.Size([1, 1, 768])
torch.Size([12, 3, 224, 224])
T_before_pool torch.Size([12, 50, 768])
T_after_pool torch.Size([1, 12, 1, 768])
T torch.Size([1, 1, 768])
torch.Size([12, 3, 224, 224])
T_before_pool torch.Size([12, 50, 768])
T_after_pool torch.Size([1, 12, 1, 768])
T torch.Size([1, 1, 768])
torch.Size([12, 3, 224, 224])
T_before_pool torch.Size([12, 50, 768])
T_after_pool torch.Size([1, 12, 1, 768])
T torch.Size([1, 1, 768])
torch.Size([12, 3, 224, 224])
T_before_pool torch.Size([12, 50, 768])
T_after_pool torch.Size([1, 12, 1, 768])
T torch.Size([1, 1, 768])
torch.Size([12, 3, 224, 224])
T_before_pool torch.Size([12, 50, 768])
T_after_pool torch.Size([1, 12, 1, 768])
T torch.Size([1, 1, 768])
torch.Size([12, 3, 224, 224])
T_before_pool torch.Size([12, 50, 768])
T_after_pool torch.Size([1, 12, 1, 768])
T torch.Size([1, 1, 768])
torch.Size([12, 3, 224, 224])
T_before_pool torch.Size([12, 50, 768])
T_after_pool torch.Size([1, 12, 1, 768])
T torch.Size([1, 1, 768])
torch.Size([12, 3, 224, 224])
T_before_pool torch.Size([12, 50, 768])
T_after_pool torch.Size([1, 12, 1, 768])
T torch.Size([1, 1, 768])
torch.Size([12, 3, 224, 224])
T_before_pool torch.Size([12, 50, 768])
T_after_pool torch.Size([1, 12, 1, 768])
T torch.Size([1, 1, 768])
torch.Size([12, 3, 224, 224])
T_before_pool torch.Size([12, 50, 768])
T_after_pool torch.Size([1, 12, 1, 768])
T torch.Size([1, 1, 768])
torch.Size([12, 3, 224, 224])
T_before_pool torch.Size([12, 50, 768])
T_after_pool torch.Size([1, 12, 1, 768])
T torch.Size([1, 1, 768])
torch.Size([12, 3, 224, 224])
T_before_pool torch.Size([12, 50, 768])
T_after_pool torch.Size([1, 12, 1, 768])
T torch.Size([1, 1, 768])
torch.Size([12, 3, 224, 224])
T_before_pool torch.Size([12, 50, 768])
T_after_pool torch.Size([1, 12, 1, 768])
T torch.Size([1, 1, 768])
features torch.Size([5455, 1, 768])
features_after torch.Size([5455, 768])
query_labels ['sofa' 'exercise weight' 'bench' 'vase' 'chair' 'lamp' 'ottoman' 'cart'
 'vase' 'pillow' 'ottoman' 'lamp' 'ladder' 'dresser' 'vase' 'bed'
 'exercise weight' 'exercise weight' 'cart' 'pillow' 'ladder' 'sofa'
 'picture frame or painting' 'pillow' 'cabinet' 'sofa' 'vase' 'chair'
 'container or basket' 'dresser' 'shelf' 'cabinet' 'ladder'
 'container or basket' 'pillow' 'fan' 'picture frame or painting' 'fan'
 'bench' 'chair' 'exercise weight' 'chair' 'dresser' 'bench' 'ladder'
 'ottoman' 'picture frame or painting' 'pillow' 'cart'
 'container or basket' 'bed' 'bed' 'lamp' 'fan' 'bench' 'shelf' 'bench'
 'lamp' 'cart' 'shelf' 'container or basket' 'sofa' 'fan'
 'container or basket' 'ottoman' 'dresser' 'cabinet'
 'picture frame or painting' 'lamp' 'bed' 'ottoman' 'bed' 'fan'
 'picture frame or painting' 'dresser' 'ladder' 'chair' 'cabinet'
 'exercise weight' 'shelf' 'cart' 'shelf' 'cabinet' 'sofa' 'vase']
       mAP|  NDCG@100|     ANMRR|
   0.42427|   0.45675|   0.57261|
pr curve: 
[0.8747254116204533, 0.6652849673958886, 0.5865053523076971, 0.5337496888141174, 0.4846914091351567, 0.43398899750895004, 0.3909367887332232, 0.34499029962903704, 0.22437543993550896, 0.14282735536556687, 0.0729362759161184]
结果已保存到 ../output/acc/accuracy_09.csv
